********************************************************************************
DUPLICATOR-LITE PACKAGE-LOG: 1 June 2020 1:07 am
NOTICE: Do NOT post to public sites or forums 
********************************************************************************
VERSION:	1.3.34
WORDPRESS:	5.4.1
PHP INFO:	7.4.1 | SAPI: apache2handler
SERVER:		Apache/2.4.41 (Win64) OpenSSL/1.1.1c PHP/7.4.1 
PHP TIME LIMIT: (0) no time limit imposed 
PHP MAX MEMORY: 4294967296 (512M default) 
MEMORY STACK: 34MB

********************************************************************************
DATABASE:
********************************************************************************
BUILD MODE:   MYSQLDUMP
MYSQLTIMEOUT: 5000
MYSQLDUMP:    Is Supported
SQL CREATED: 20200601_promechanics_382f002cc28eaf9a5205_20200601010605_database.sql
SQL FILE SIZE: 42.27MB (44324231)
SQL FILE TIME: 2020-06-01 01:07:42
SQL RUNTIME: 7.41 sec.

********************************************************************************
ARCHIVE (ZIP):
********************************************************************************
ARCHIVE DIR:  C:/xampp/htdocs/wp_promechanics
ARCHIVE FILE: 20200601_promechanics_382f002cc28eaf9a5205_20200601010605_archive.zip
FILTERS: *OFF*
DIRS:
	not set
FILES:
	not set
EXTS:  not set
----------------------------------------
COMPRESSING
SIZE:	164.39MB
STATS:	Dirs 1,066 | Files 6,882
SQL ADDED: 20200601_promechanics_382f002cc28eaf9a5205_20200601010605_database.sql
ZipArchive Object
(
    [status] => 0
    [statusSys] => 0
    [numFiles] => 7948
    [filename] => C:\xampp\htdocs\wp_promechanics\wp-snapshots\tmp\20200601_promechanics_382f002cc28eaf9a5205_20200601010605_archive.zip
    [comment] => 
)

FILE ADDED TO ZIP: 7947
COMPRESSION RESULT: '1'
COMPRESSED SIZE: 76.48MB
ARCHIVE RUNTIME: 26.91 sec.
MEMORY STACK: 36MB
building installer
add_extra_files1
add_extra_files2
add_extra_files3
add_extra_files4
Doing archive file check
add_extra_files5
add_extra_files6
add_extra_files8
Successfully opened zip C:/xampp/htdocs/wp_promechanics/wp-snapshots/tmp/20200601_promechanics_382f002cc28eaf9a5205_20200601010605_archive.zip
Adding enhanced installer files to archive using ZipArchive
Installer files added to archive
Added to archive
After ziparchive close when adding installer

********************************************************************************
INTEGRITY CHECKS:
********************************************************************************
SQL FILE: 42.27MB
INSTALLER FILE: 61.32KB
ARCHIVE FILE: 77.99MB 
EXPECTED FILE/DIRECTORY COUNT: 7,948
ACTUAL FILE/DIRECTORY COUNT: 7,947
ARCHIVE CONSISTENCY TEST: Pass

********************************************************************************
RECORD ID:[1]
TOTAL PROCESS RUNTIME: 35.31 sec.
PEAK PHP MEMORY USED: 38MB
DONE PROCESSING => 20200601_promechanics 1 June 2020 1:08 am

